{"C:\\Users\\Tazky\\Documents\\TackerJob\\JobTracker\\Back-end\\src\\controllers\\job.controller.ts": {"path":"C:\\Users\\Tazky\\Documents\\TackerJob\\JobTracker\\Back-end\\src\\controllers\\job.controller.ts","statementMap":{"0":{"start":{"line":12,"column":4},"end":{"line":33,"column":null}},"1":{"start":{"line":14,"column":8},"end":{"line":14,"column":16}},"2":{"start":{"line":15,"column":6},"end":{"line":20,"column":null}},"3":{"start":{"line":16,"column":8},"end":{"line":18,"column":null}},"4":{"start":{"line":19,"column":8},"end":{"line":19,"column":null}},"5":{"start":{"line":22,"column":21},"end":{"line":29,"column":8}},"6":{"start":{"line":30,"column":6},"end":{"line":30,"column":null}},"7":{"start":{"line":32,"column":6},"end":{"line":32,"column":null}},"8":{"start":{"line":41,"column":4},"end":{"line":46,"column":null}},"9":{"start":{"line":42,"column":19},"end":{"line":42,"column":48}},"10":{"start":{"line":43,"column":6},"end":{"line":43,"column":null}},"11":{"start":{"line":45,"column":6},"end":{"line":45,"column":null}},"12":{"start":{"line":54,"column":4},"end":{"line":60,"column":null}},"13":{"start":{"line":55,"column":17},"end":{"line":55,"column":40}},"14":{"start":{"line":56,"column":18},"end":{"line":56,"column":47}},"15":{"start":{"line":57,"column":6},"end":{"line":57,"column":null}},"16":{"start":{"line":59,"column":6},"end":{"line":59,"column":null}},"17":{"start":{"line":68,"column":4},"end":{"line":85,"column":null}},"18":{"start":{"line":69,"column":17},"end":{"line":69,"column":40}},"19":{"start":{"line":70,"column":32},"end":{"line":70,"column":64}},"20":{"start":{"line":72,"column":6},"end":{"line":75,"column":null}},"21":{"start":{"line":73,"column":8},"end":{"line":73,"column":null}},"22":{"start":{"line":74,"column":8},"end":{"line":74,"column":null}},"23":{"start":{"line":77,"column":25},"end":{"line":80,"column":null}},"24":{"start":{"line":82,"column":6},"end":{"line":82,"column":null}},"25":{"start":{"line":84,"column":6},"end":{"line":84,"column":null}},"26":{"start":{"line":93,"column":4},"end":{"line":99,"column":null}},"27":{"start":{"line":94,"column":17},"end":{"line":94,"column":40}},"28":{"start":{"line":95,"column":6},"end":{"line":95,"column":null}},"29":{"start":{"line":96,"column":6},"end":{"line":96,"column":null}},"30":{"start":{"line":98,"column":6},"end":{"line":98,"column":null}},"31":{"start":{"line":107,"column":4},"end":{"line":112,"column":null}},"32":{"start":{"line":108,"column":24},"end":{"line":108,"column":55}},"33":{"start":{"line":109,"column":6},"end":{"line":109,"column":null}},"34":{"start":{"line":111,"column":6},"end":{"line":111,"column":null}},"35":{"start":{"line":14,"column":8},"end":{"line":14,"column":null}},"36":{"start":{"line":22,"column":21},"end":{"line":29,"column":null}},"37":{"start":{"line":42,"column":19},"end":{"line":42,"column":null}},"38":{"start":{"line":55,"column":17},"end":{"line":55,"column":null}},"39":{"start":{"line":56,"column":18},"end":{"line":56,"column":null}},"40":{"start":{"line":69,"column":17},"end":{"line":69,"column":null}},"41":{"start":{"line":70,"column":32},"end":{"line":70,"column":null}},"42":{"start":{"line":77,"column":25},"end":{"line":81,"column":null}},"43":{"start":{"line":94,"column":17},"end":{"line":94,"column":null}},"44":{"start":{"line":108,"column":24},"end":{"line":108,"column":null}}},"fnMap":{"0":{"name":"create","decl":{"start":{"line":7,"column":15},"end":{"line":7,"column":21}},"loc":{"start":{"line":10,"column":22},"end":{"line":34,"column":null}},"line":10},"1":{"name":"list","decl":{"start":{"line":36,"column":15},"end":{"line":36,"column":19}},"loc":{"start":{"line":39,"column":22},"end":{"line":47,"column":null}},"line":39},"2":{"name":"show","decl":{"start":{"line":49,"column":15},"end":{"line":49,"column":19}},"loc":{"start":{"line":52,"column":22},"end":{"line":61,"column":null}},"line":52},"3":{"name":"changeStatus","decl":{"start":{"line":63,"column":15},"end":{"line":63,"column":27}},"loc":{"start":{"line":66,"column":22},"end":{"line":86,"column":null}},"line":66},"4":{"name":"delete","decl":{"start":{"line":88,"column":15},"end":{"line":88,"column":21}},"loc":{"start":{"line":91,"column":22},"end":{"line":100,"column":null}},"line":91},"5":{"name":"getDashboard","decl":{"start":{"line":102,"column":15},"end":{"line":102,"column":27}},"loc":{"start":{"line":105,"column":22},"end":{"line":113,"column":null}},"line":105},"6":{"name":"create","decl":{"start":{"line":7,"column":15},"end":{"line":7,"column":null}},"loc":{"start":{"line":11,"column":19},"end":{"line":34,"column":null}},"line":11},"7":{"name":"list","decl":{"start":{"line":36,"column":15},"end":{"line":36,"column":null}},"loc":{"start":{"line":40,"column":19},"end":{"line":47,"column":null}},"line":40},"8":{"name":"show","decl":{"start":{"line":49,"column":15},"end":{"line":49,"column":null}},"loc":{"start":{"line":53,"column":19},"end":{"line":61,"column":null}},"line":53},"9":{"name":"changeStatus","decl":{"start":{"line":63,"column":15},"end":{"line":63,"column":null}},"loc":{"start":{"line":67,"column":19},"end":{"line":86,"column":null}},"line":67},"10":{"name":"delete","decl":{"start":{"line":88,"column":15},"end":{"line":88,"column":null}},"loc":{"start":{"line":92,"column":19},"end":{"line":100,"column":null}},"line":92},"11":{"name":"getDashboard","decl":{"start":{"line":102,"column":15},"end":{"line":102,"column":null}},"loc":{"start":{"line":106,"column":19},"end":{"line":113,"column":null}},"line":106}},"branchMap":{"0":{"loc":{"start":{"line":15,"column":6},"end":{"line":20,"column":null}},"type":"if","locations":[{"start":{"line":15,"column":6},"end":{"line":20,"column":null}},{"start":{},"end":{}}],"line":15},"1":{"loc":{"start":{"line":15,"column":10},"end":{"line":15,"column":36}},"type":"binary-expr","locations":[{"start":{"line":15,"column":10},"end":{"line":15,"column":16}},{"start":{"line":15,"column":20},"end":{"line":15,"column":28}},{"start":{"line":15,"column":32},"end":{"line":15,"column":36}}],"line":15},"2":{"loc":{"start":{"line":72,"column":6},"end":{"line":75,"column":null}},"type":"if","locations":[{"start":{"line":72,"column":6},"end":{"line":75,"column":null}},{"start":{},"end":{}}],"line":72},"3":{"loc":{"start":{"line":72,"column":10},"end":{"line":72,"column":76}},"type":"binary-expr","locations":[{"start":{"line":72,"column":10},"end":{"line":72,"column":17}},{"start":{"line":72,"column":21},"end":{"line":72,"column":76}}],"line":72},"4":{"loc":{"start":{"line":15,"column":10},"end":{"line":15,"column":38}},"type":"binary-expr","locations":[{"start":{"line":15,"column":10},"end":{"line":15,"column":20}},{"start":{"line":15,"column":20},"end":{"line":15,"column":32}},{"start":{"line":15,"column":32},"end":{"line":15,"column":38}}],"line":15},"5":{"loc":{"start":{"line":72,"column":10},"end":{"line":72,"column":78}},"type":"binary-expr","locations":[{"start":{"line":72,"column":10},"end":{"line":72,"column":21}},{"start":{"line":72,"column":21},"end":{"line":72,"column":78}}],"line":72}},"s":{"0":8,"1":8,"2":8,"3":4,"4":4,"5":4,"6":2,"7":2,"8":4,"9":4,"10":2,"11":2,"12":4,"13":4,"14":4,"15":2,"16":2,"17":6,"18":6,"19":6,"20":6,"21":4,"22":4,"23":2,"24":2,"25":0,"26":6,"27":6,"28":6,"29":2,"30":4,"31":0,"32":0,"33":0,"34":0,"35":8,"36":6,"37":4,"38":4,"39":4,"40":6,"41":6,"42":4,"43":6,"44":0},"f":{"0":1,"1":1,"2":1,"3":1,"4":1,"5":1,"6":2,"7":2,"8":2,"9":2,"10":2,"11":2},"b":{"0":[4,4],"1":[8,6,4],"2":[4,2],"3":[6,4],"4":[6,5,2],"5":[5,3]},"meta":{"lastBranch":4,"lastFunction":6,"lastStatement":35,"seen":{"f:7:15:7:21":0,"s:12:4:33:Infinity":0,"s:14:8:14:16":1,"b:15:6:20:Infinity:undefined:undefined:undefined:undefined":0,"s:15:6:20:Infinity":2,"b:15:10:15:16:15:20:15:28:15:32:15:36":1,"s:16:8:18:Infinity":3,"s:19:8:19:Infinity":4,"s:22:21:29:8":5,"s:30:6:30:Infinity":6,"s:32:6:32:Infinity":7,"f:36:15:36:19":1,"s:41:4:46:Infinity":8,"s:42:19:42:48":9,"s:43:6:43:Infinity":10,"s:45:6:45:Infinity":11,"f:49:15:49:19":2,"s:54:4:60:Infinity":12,"s:55:17:55:40":13,"s:56:18:56:47":14,"s:57:6:57:Infinity":15,"s:59:6:59:Infinity":16,"f:63:15:63:27":3,"s:68:4:85:Infinity":17,"s:69:17:69:40":18,"s:70:32:70:64":19,"b:72:6:75:Infinity:undefined:undefined:undefined:undefined":2,"s:72:6:75:Infinity":20,"b:72:10:72:17:72:21:72:76":3,"s:73:8:73:Infinity":21,"s:74:8:74:Infinity":22,"s:77:25:80:Infinity":23,"s:82:6:82:Infinity":24,"s:84:6:84:Infinity":25,"f:88:15:88:21":4,"s:93:4:99:Infinity":26,"s:94:17:94:40":27,"s:95:6:95:Infinity":28,"s:96:6:96:Infinity":29,"s:98:6:98:Infinity":30,"f:102:15:102:27":5,"s:107:4:112:Infinity":31,"s:108:24:108:55":32,"s:109:6:109:Infinity":33,"s:111:6:111:Infinity":34},"fnNames":{}}}
,"C:\\Users\\Tazky\\Documents\\TackerJob\\JobTracker\\Back-end\\src\\errors\\app.error.ts": {"path":"C:\\Users\\Tazky\\Documents\\TackerJob\\JobTracker\\Back-end\\src\\errors\\app.error.ts","statementMap":{"0":{"start":{"line":4,"column":4},"end":{"line":4,"column":null}},"1":{"start":{"line":5,"column":4},"end":{"line":5,"column":null}}},"fnMap":{"0":{"name":"constructor","decl":{"start":{"line":3,"column":2},"end":{"line":3,"column":14}},"loc":{"start":{"line":3,"column":51},"end":{"line":6,"column":null}},"line":3},"1":{"name":"constructor","decl":{"start":{"line":3,"column":2},"end":{"line":3,"column":14}},"loc":{"start":{"line":3,"column":49},"end":{"line":6,"column":null}},"line":3}},"branchMap":{},"s":{"0":8,"1":8},"f":{"0":8,"1":4},"b":{},"meta":{"lastBranch":0,"lastFunction":1,"lastStatement":2,"seen":{"f:3:2:3:14":0,"s:4:4:4:Infinity":0,"s:5:4:5:Infinity":1},"fnNames":{}}}
,"C:\\Users\\Tazky\\Documents\\TackerJob\\JobTracker\\Back-end\\src\\services\\job.service.ts": {"path":"C:\\Users\\Tazky\\Documents\\TackerJob\\JobTracker\\Back-end\\src\\services\\job.service.ts","statementMap":{"0":{"start":{"line":8,"column":4},"end":{"line":30,"column":null}},"1":{"start":{"line":9,"column":18},"end":{"line":19,"column":null}},"2":{"start":{"line":21,"column":6},"end":{"line":28,"column":null}},"3":{"start":{"line":29,"column":6},"end":{"line":29,"column":null}},"4":{"start":{"line":34,"column":4},"end":{"line":43,"column":null}},"5":{"start":{"line":46,"column":16},"end":{"line":55,"column":null}},"6":{"start":{"line":57,"column":4},"end":{"line":59,"column":null}},"7":{"start":{"line":58,"column":6},"end":{"line":58,"column":null}},"8":{"start":{"line":61,"column":4},"end":{"line":61,"column":null}},"9":{"start":{"line":69,"column":4},"end":{"line":98,"column":null}},"10":{"start":{"line":70,"column":25},"end":{"line":73,"column":null}},"11":{"start":{"line":74,"column":6},"end":{"line":76,"column":null}},"12":{"start":{"line":75,"column":8},"end":{"line":75,"column":null}},"13":{"start":{"line":78,"column":6},"end":{"line":80,"column":null}},"14":{"start":{"line":79,"column":8},"end":{"line":79,"column":null}},"15":{"start":{"line":82,"column":25},"end":{"line":87,"column":null}},"16":{"start":{"line":89,"column":6},"end":{"line":96,"column":null}},"17":{"start":{"line":97,"column":6},"end":{"line":97,"column":null}},"18":{"start":{"line":102,"column":4},"end":{"line":116,"column":null}},"19":{"start":{"line":103,"column":6},"end":{"line":105,"column":null}},"20":{"start":{"line":107,"column":6},"end":{"line":114,"column":null}},"21":{"start":{"line":113,"column":8},"end":{"line":113,"column":null}},"22":{"start":{"line":115,"column":6},"end":{"line":115,"column":null}},"23":{"start":{"line":120,"column":19},"end":{"line":123,"column":null}},"24":{"start":{"line":125,"column":18},"end":{"line":125,"column":null}},"25":{"start":{"line":127,"column":22},"end":{"line":136,"column":null}},"26":{"start":{"line":138,"column":4},"end":{"line":140,"column":null}},"27":{"start":{"line":139,"column":6},"end":{"line":139,"column":null}},"28":{"start":{"line":142,"column":4},"end":{"line":142,"column":null}},"29":{"start":{"line":9,"column":18},"end":{"line":19,"column":8}},"30":{"start":{"line":46,"column":16},"end":{"line":55,"column":6}},"31":{"start":{"line":70,"column":25},"end":{"line":73,"column":8}},"32":{"start":{"line":82,"column":25},"end":{"line":87,"column":8}},"33":{"start":{"line":120,"column":19},"end":{"line":123,"column":6}},"34":{"start":{"line":125,"column":18},"end":{"line":125,"column":53}}},"fnMap":{"0":{"name":"createJob","decl":{"start":{"line":7,"column":15},"end":{"line":7,"column":25}},"loc":{"start":{"line":7,"column":47},"end":{"line":31,"column":null}},"line":7},"1":{"name":"(anonymous_1)","decl":{"start":{"line":8,"column":37},"end":{"line":8,"column":44}},"loc":{"start":{"line":8,"column":51},"end":{"line":30,"column":5}},"line":8},"2":{"name":"getAllJobs","decl":{"start":{"line":33,"column":15},"end":{"line":33,"column":28}},"loc":{"start":{"line":33,"column":28},"end":{"line":44,"column":null}},"line":33},"3":{"name":"getJobId","decl":{"start":{"line":45,"column":15},"end":{"line":45,"column":24}},"loc":{"start":{"line":45,"column":36},"end":{"line":62,"column":null}},"line":45},"4":{"name":"updateJobStatus","decl":{"start":{"line":64,"column":15},"end":{"line":64,"column":null}},"loc":{"start":{"line":68,"column":4},"end":{"line":99,"column":null}},"line":68},"5":{"name":"(anonymous_5)","decl":{"start":{"line":69,"column":37},"end":{"line":69,"column":44}},"loc":{"start":{"line":69,"column":51},"end":{"line":98,"column":5}},"line":69},"6":{"name":"deleteJob","decl":{"start":{"line":101,"column":15},"end":{"line":101,"column":25}},"loc":{"start":{"line":101,"column":37},"end":{"line":117,"column":null}},"line":101},"7":{"name":"getDashboard","decl":{"start":{"line":119,"column":15},"end":{"line":119,"column":30}},"loc":{"start":{"line":119,"column":30},"end":{"line":143,"column":null}},"line":119},"8":{"name":"(anonymous_8)","decl":{"start":{"line":138,"column":11},"end":{"line":138,"column":20}},"loc":{"start":{"line":138,"column":29},"end":{"line":140,"column":5}},"line":138},"9":{"name":"createJob","decl":{"start":{"line":7,"column":15},"end":{"line":7,"column":24}},"loc":{"start":{"line":7,"column":45},"end":{"line":31,"column":null}},"line":7},"10":{"name":"(anonymous_1)","decl":{"start":{"line":8,"column":37},"end":{"line":8,"column":42}},"loc":{"start":{"line":8,"column":50},"end":{"line":30,"column":5}},"line":8},"11":{"name":"getAllJobs","decl":{"start":{"line":33,"column":15},"end":{"line":33,"column":25}},"loc":{"start":{"line":33,"column":25},"end":{"line":44,"column":null}},"line":33},"12":{"name":"getJobId","decl":{"start":{"line":45,"column":15},"end":{"line":45,"column":23}},"loc":{"start":{"line":45,"column":34},"end":{"line":62,"column":null}},"line":45},"13":{"name":"updateJobStatus","decl":{"start":{"line":64,"column":15},"end":{"line":64,"column":30}},"loc":{"start":{"line":67,"column":18},"end":{"line":99,"column":null}},"line":67},"14":{"name":"(anonymous_5)","decl":{"start":{"line":69,"column":37},"end":{"line":69,"column":42}},"loc":{"start":{"line":69,"column":50},"end":{"line":98,"column":5}},"line":69},"15":{"name":"deleteJob","decl":{"start":{"line":101,"column":15},"end":{"line":101,"column":24}},"loc":{"start":{"line":101,"column":35},"end":{"line":117,"column":null}},"line":101},"16":{"name":"getDashboard","decl":{"start":{"line":119,"column":15},"end":{"line":119,"column":27}},"loc":{"start":{"line":119,"column":27},"end":{"line":143,"column":null}},"line":119},"17":{"name":"(anonymous_8)","decl":{"start":{"line":138,"column":19},"end":{"line":138,"column":20}},"loc":{"start":{"line":138,"column":28},"end":{"line":140,"column":5}},"line":138}},"branchMap":{"0":{"loc":{"start":{"line":14,"column":20},"end":{"line":14,"column":null}},"type":"binary-expr","locations":[{"start":{"line":14,"column":20},"end":{"line":14,"column":37}},{"start":{"line":14,"column":37},"end":{"line":14,"column":null}}],"line":14},"1":{"loc":{"start":{"line":15,"column":24},"end":{"line":15,"column":null}},"type":"binary-expr","locations":[{"start":{"line":15,"column":24},"end":{"line":15,"column":45}},{"start":{"line":15,"column":45},"end":{"line":15,"column":null}}],"line":15},"2":{"loc":{"start":{"line":16,"column":23},"end":{"line":16,"column":null}},"type":"binary-expr","locations":[{"start":{"line":16,"column":23},"end":{"line":16,"column":43}},{"start":{"line":16,"column":43},"end":{"line":16,"column":null}}],"line":16},"3":{"loc":{"start":{"line":57,"column":4},"end":{"line":59,"column":null}},"type":"if","locations":[{"start":{"line":57,"column":4},"end":{"line":59,"column":null}},{"start":{},"end":{}}],"line":57},"4":{"loc":{"start":{"line":74,"column":6},"end":{"line":76,"column":null}},"type":"if","locations":[{"start":{"line":74,"column":6},"end":{"line":76,"column":null}},{"start":{},"end":{}}],"line":74},"5":{"loc":{"start":{"line":78,"column":6},"end":{"line":80,"column":null}},"type":"if","locations":[{"start":{"line":78,"column":6},"end":{"line":80,"column":null}},{"start":{},"end":{}}],"line":78},"6":{"loc":{"start":{"line":94,"column":17},"end":{"line":94,"column":null}},"type":"binary-expr","locations":[{"start":{"line":94,"column":17},"end":{"line":94,"column":26}},{"start":{"line":94,"column":26},"end":{"line":94,"column":null}}],"line":94},"7":{"loc":{"start":{"line":107,"column":6},"end":{"line":114,"column":null}},"type":"if","locations":[{"start":{"line":107,"column":6},"end":{"line":114,"column":null}},{"start":{},"end":{}}],"line":107},"8":{"loc":{"start":{"line":108,"column":8},"end":{"line":111,"column":null}},"type":"binary-expr","locations":[{"start":{"line":108,"column":8},"end":{"line":108,"column":null}},{"start":{"line":109,"column":8},"end":{"line":109,"column":null}},{"start":{"line":110,"column":8},"end":{"line":110,"column":null}},{"start":{"line":111,"column":8},"end":{"line":111,"column":null}}],"line":108},"9":{"loc":{"start":{"line":14,"column":20},"end":{"line":14,"column":41}},"type":"binary-expr","locations":[{"start":{"line":14,"column":20},"end":{"line":14,"column":33}},{"start":{"line":14,"column":37},"end":{"line":14,"column":41}}],"line":14},"10":{"loc":{"start":{"line":15,"column":24},"end":{"line":15,"column":49}},"type":"binary-expr","locations":[{"start":{"line":15,"column":24},"end":{"line":15,"column":41}},{"start":{"line":15,"column":45},"end":{"line":15,"column":49}}],"line":15},"11":{"loc":{"start":{"line":16,"column":23},"end":{"line":16,"column":47}},"type":"binary-expr","locations":[{"start":{"line":16,"column":23},"end":{"line":16,"column":39}},{"start":{"line":16,"column":43},"end":{"line":16,"column":47}}],"line":16},"12":{"loc":{"start":{"line":94,"column":17},"end":{"line":94,"column":63}},"type":"binary-expr","locations":[{"start":{"line":94,"column":17},"end":{"line":94,"column":22}},{"start":{"line":94,"column":26},"end":{"line":94,"column":63}}],"line":94},"13":{"loc":{"start":{"line":108,"column":8},"end":{"line":111,"column":28}},"type":"binary-expr","locations":[{"start":{"line":108,"column":8},"end":{"line":108,"column":31}},{"start":{"line":109,"column":8},"end":{"line":109,"column":20}},{"start":{"line":110,"column":8},"end":{"line":110,"column":21}},{"start":{"line":111,"column":8},"end":{"line":111,"column":28}}],"line":108}},"s":{"0":2,"1":2,"2":2,"3":2,"4":4,"5":2,"6":4,"7":2,"8":2,"9":6,"10":6,"11":6,"12":2,"13":4,"14":2,"15":4,"16":2,"17":2,"18":2,"19":2,"20":0,"21":0,"22":0,"23":0,"24":0,"25":0,"26":0,"27":0,"28":0,"29":2,"30":4,"31":6,"32":2,"33":0,"34":0},"f":{"0":2,"1":2,"2":2,"3":2,"4":2,"5":6,"6":2,"7":2,"8":0,"9":1,"10":2,"11":1,"12":1,"13":1,"14":4,"15":1,"16":1,"17":1},"b":{"0":[1,0],"1":[1,1],"2":[1,1],"3":[2,2],"4":[2,4],"5":[2,2],"6":[1,0],"7":[0,0],"8":[0,0,0,0],"9":[2,0],"10":[2,2],"11":[2,2],"12":[2,0],"13":[0,0,0,0]},"meta":{"lastBranch":9,"lastFunction":9,"lastStatement":29,"seen":{"f:7:15:7:25":0,"s:8:4:30:Infinity":0,"f:8:37:8:44":1,"s:9:18:19:Infinity":1,"b:14:20:14:37:14:37:14:Infinity":0,"b:15:24:15:45:15:45:15:Infinity":1,"b:16:23:16:43:16:43:16:Infinity":2,"s:21:6:28:Infinity":2,"s:29:6:29:Infinity":3,"f:33:15:33:28":2,"s:34:4:43:Infinity":4,"f:45:15:45:24":3,"s:46:16:55:Infinity":5,"b:57:4:59:Infinity:undefined:undefined:undefined:undefined":3,"s:57:4:59:Infinity":6,"s:58:6:58:Infinity":7,"s:61:4:61:Infinity":8,"f:64:15:64:Infinity":4,"s:69:4:98:Infinity":9,"f:69:37:69:44":5,"s:70:25:73:Infinity":10,"b:74:6:76:Infinity:undefined:undefined:undefined:undefined":4,"s:74:6:76:Infinity":11,"s:75:8:75:Infinity":12,"b:78:6:80:Infinity:undefined:undefined:undefined:undefined":5,"s:78:6:80:Infinity":13,"s:79:8:79:Infinity":14,"s:82:25:87:Infinity":15,"s:89:6:96:Infinity":16,"b:94:17:94:26:94:26:94:Infinity":6,"s:97:6:97:Infinity":17,"f:101:15:101:25":6,"s:102:4:116:Infinity":18,"s:103:6:105:Infinity":19,"b:107:6:114:Infinity:undefined:undefined:undefined:undefined":7,"s:107:6:114:Infinity":20,"b:108:8:108:Infinity:109:8:109:Infinity:110:8:110:Infinity:111:8:111:Infinity":8,"s:113:8:113:Infinity":21,"s:115:6:115:Infinity":22,"f:119:15:119:30":7,"s:120:19:123:Infinity":23,"s:125:18:125:Infinity":24,"s:127:22:136:Infinity":25,"s:138:4:140:Infinity":26,"f:138:11:138:20":8,"s:139:6:139:Infinity":27,"s:142:4:142:Infinity":28},"fnNames":{}}}
}
